Arguments: 
  /usr/local/bin/node /usr/local/bin/yarn add typescript -D

PATH: 
  /usr/local/opt/php@7.3/sbin:/usr/local/opt/php@7.3/bin:/usr/local/bin:/usr/bin:/bin:/usr/sbin:/sbin:/Library/Apple/usr/bin:/usr/local/opt/php@7.3/sbin:/usr/local/opt/php@7.3/bin:/Users/gabrielruivo/.zinit/polaris/bin

Yarn version: 
  1.22.10

Node version: 
  14.17.1

Platform: 
  darwin x64

Trace: 
  Error: ENOSPC: no space left on device, copyfile '/Users/gabrielruivo/Library/Caches/Yarn/v6/npm-typescript-4.4.2-6d618640d430e3569a1dfb44f7d7e600ced3ee86-integrity/node_modules/typescript/lib/ru/diagnosticMessages.generated.json' -> '/Users/gabrielruivo/Documents/ESTUDO/youtube/socket.io/node_modules/typescript/lib/ru/diagnosticMessages.generated.json'

npm manifest: 
  {
    "name": "socket.io",
    "version": "1.0.0",
    "main": "index.js",
    "license": "MIT"
  }

yarn manifest: 
  No manifest

Lockfile: 
  No lockfile
